This is pdfTeX, Version 3.141592653-2.6-1.40.25 (TeX Live 2023) (preloaded format=pdflatex 2023.10.10)  12 AUG 2024 15:26
entering extended mode
 restricted \write18 enabled.
 %&-line parsing enabled.
**App2.tex
(./App2.tex
LaTeX2e <2022-11-01> patch level 1
L3 programming layer <2023-02-22>
(/usr/local/texlive/2023/texmf-dist/tex/latex/base/article.cls
Document Class: article 2022/07/02 v1.4n Standard LaTeX document class
(/usr/local/texlive/2023/texmf-dist/tex/latex/base/size12.clo
File: size12.clo 2022/07/02 v1.4n Standard LaTeX file (size option)
)
\c@part=\count185
\c@section=\count186
\c@subsection=\count187
\c@subsubsection=\count188
\c@paragraph=\count189
\c@subparagraph=\count190
\c@figure=\count191
\c@table=\count192
\abovecaptionskip=\skip48
\belowcaptionskip=\skip49
\bibindent=\dimen140
)
(/usr/local/texlive/2023/texmf-dist/tex/latex/graphics/graphicx.sty
Package: graphicx 2021/09/16 v1.2d Enhanced LaTeX Graphics (DPC,SPQR)

(/usr/local/texlive/2023/texmf-dist/tex/latex/graphics/keyval.sty
Package: keyval 2022/05/29 v1.15 key=value parser (DPC)
\KV@toks@=\toks16
)
(/usr/local/texlive/2023/texmf-dist/tex/latex/graphics/graphics.sty
Package: graphics 2022/03/10 v1.4e Standard LaTeX Graphics (DPC,SPQR)

(/usr/local/texlive/2023/texmf-dist/tex/latex/graphics/trig.sty
Package: trig 2021/08/11 v1.11 sin cos tan (DPC)
)
(/usr/local/texlive/2023/texmf-dist/tex/latex/graphics-cfg/graphics.cfg
File: graphics.cfg 2016/06/04 v1.11 sample graphics configuration
)
Package graphics Info: Driver file: pdftex.def on input line 107.

(/usr/local/texlive/2023/texmf-dist/tex/latex/graphics-def/pdftex.def
File: pdftex.def 2022/09/22 v1.2b Graphics/color driver for pdftex
))
\Gin@req@height=\dimen141
\Gin@req@width=\dimen142
)
(/usr/local/texlive/2023/texmf-dist/tex/latex/base/textcomp.sty
Package: textcomp 2020/02/02 v2.0n Standard LaTeX package
)
(/usr/local/texlive/2023/texmf-dist/tex/latex/setspace/setspace.sty
Package: setspace 2022/12/04 v6.7b set line spacing
)
(/usr/local/texlive/2023/texmf-dist/tex/latex/preprint/fullpage.sty
Package: fullpage 1999/02/23 1.1 (PWD)
\FP@margin=\skip50
)
(/usr/local/texlive/2023/texmf-dist/tex/latex/graphics/color.sty
Package: color 2022/01/06 v1.3d Standard LaTeX Color (DPC)

(/usr/local/texlive/2023/texmf-dist/tex/latex/graphics-cfg/color.cfg
File: color.cfg 2016/01/02 v1.6 sample color configuration
)
Package color Info: Driver file: pdftex.def on input line 149.

(/usr/local/texlive/2023/texmf-dist/tex/latex/graphics/mathcolor.ltx))
(/usr/local/texlive/2023/texmf-dist/tex/latex/amsmath/amsmath.sty
Package: amsmath 2022/04/08 v2.17n AMS math features
\@mathmargin=\skip51

For additional information on amsmath, use the `?' option.
(/usr/local/texlive/2023/texmf-dist/tex/latex/amsmath/amstext.sty
Package: amstext 2021/08/26 v2.01 AMS text

(/usr/local/texlive/2023/texmf-dist/tex/latex/amsmath/amsgen.sty
File: amsgen.sty 1999/11/30 v2.0 generic functions
\@emptytoks=\toks17
\ex@=\dimen143
))
(/usr/local/texlive/2023/texmf-dist/tex/latex/amsmath/amsbsy.sty
Package: amsbsy 1999/11/29 v1.2d Bold Symbols
\pmbraise@=\dimen144
)
(/usr/local/texlive/2023/texmf-dist/tex/latex/amsmath/amsopn.sty
Package: amsopn 2022/04/08 v2.04 operator names
)
\inf@bad=\count193
LaTeX Info: Redefining \frac on input line 234.
\uproot@=\count194
\leftroot@=\count195
LaTeX Info: Redefining \overline on input line 399.
LaTeX Info: Redefining \colon on input line 410.
\classnum@=\count196
\DOTSCASE@=\count197
LaTeX Info: Redefining \ldots on input line 496.
LaTeX Info: Redefining \dots on input line 499.
LaTeX Info: Redefining \cdots on input line 620.
\Mathstrutbox@=\box51
\strutbox@=\box52
LaTeX Info: Redefining \big on input line 722.
LaTeX Info: Redefining \Big on input line 723.
LaTeX Info: Redefining \bigg on input line 724.
LaTeX Info: Redefining \Bigg on input line 725.
\big@size=\dimen145
LaTeX Font Info:    Redeclaring font encoding OML on input line 743.
LaTeX Font Info:    Redeclaring font encoding OMS on input line 744.
\macc@depth=\count198
LaTeX Info: Redefining \bmod on input line 905.
LaTeX Info: Redefining \pmod on input line 910.
LaTeX Info: Redefining \smash on input line 940.
LaTeX Info: Redefining \relbar on input line 970.
LaTeX Info: Redefining \Relbar on input line 971.
\c@MaxMatrixCols=\count199
\dotsspace@=\muskip16
\c@parentequation=\count266
\dspbrk@lvl=\count267
\tag@help=\toks18
\row@=\count268
\column@=\count269
\maxfields@=\count270
\andhelp@=\toks19
\eqnshift@=\dimen146
\alignsep@=\dimen147
\tagshift@=\dimen148
\tagwidth@=\dimen149
\totwidth@=\dimen150
\lineht@=\dimen151
\@envbody=\toks20
\multlinegap=\skip52
\multlinetaggap=\skip53
\mathdisplay@stack=\toks21
LaTeX Info: Redefining \[ on input line 2953.
LaTeX Info: Redefining \] on input line 2954.
)
(/usr/local/texlive/2023/texmf-dist/tex/latex/amscls/amsthm.sty
Package: amsthm 2020/05/29 v2.20.6
\thm@style=\toks22
\thm@bodyfont=\toks23
\thm@headfont=\toks24
\thm@notefont=\toks25
\thm@headpunct=\toks26
\thm@preskip=\skip54
\thm@postskip=\skip55
\thm@headsep=\skip56
\dth@everypar=\toks27
)
(/usr/local/texlive/2023/texmf-dist/tex/latex/fancyvrb/fancyvrb.sty
Package: fancyvrb 2023/01/19 4.5a verbatim text (tvz,hv)
\FV@CodeLineNo=\count271
\FV@InFile=\read2
\FV@TabBox=\box53
\c@FancyVerbLine=\count272
\FV@StepNumber=\count273
\FV@OutFile=\write3
)
(/usr/local/texlive/2023/texmf-dist/tex/latex/amsfonts/amssymb.sty
Package: amssymb 2013/01/14 v3.01 AMS font symbols

(/usr/local/texlive/2023/texmf-dist/tex/latex/amsfonts/amsfonts.sty
Package: amsfonts 2013/01/14 v3.01 Basic AMSFonts support
\symAMSa=\mathgroup4
\symAMSb=\mathgroup5
LaTeX Font Info:    Redeclaring math symbol \hbar on input line 98.
LaTeX Font Info:    Overwriting math alphabet `\mathfrak' in version `bold'
(Font)                  U/euf/m/n --> U/euf/b/n on input line 106.
))
(/usr/local/texlive/2023/texmf-dist/tex/latex/tools/enumerate.sty
Package: enumerate 2015/07/23 v3.00 enumerate extensions (DPC)
\@enLab=\toks28
)
(/usr/local/texlive/2023/texmf-dist/tex/generic/xypic/xy.sty
(/usr/local/texlive/2023/texmf-dist/tex/generic/xypic/xy.tex Bootstrap'ing:
catcodes, docmode,
(/usr/local/texlive/2023/texmf-dist/tex/generic/xypic/xyrecat.tex)
(/usr/local/texlive/2023/texmf-dist/tex/generic/xypic/xyidioms.tex)

 Xy-pic version 3.8.9 <2013/10/06>
 Copyright (c) 1991-2013 by Kristoffer H. Rose <krisrose@tug.org> and others
 Xy-pic is free software: see the User's Guide for details.

Loading kernel: messages; fonts; allocations: state,
\X@c=\dimen152
\Y@c=\dimen153
\U@c=\dimen154
\D@c=\dimen155
\L@c=\dimen156
\R@c=\dimen157
\Edge@c=\toks29
\X@p=\dimen158
\Y@p=\dimen159
\U@p=\dimen160
\D@p=\dimen161
\L@p=\dimen162
\R@p=\dimen163
\Edge@p=\toks30
\X@origin=\dimen164
\Y@origin=\dimen165
\X@xbase=\dimen166
\Y@xbase=\dimen167
\X@ybase=\dimen168
\Y@ybase=\dimen169
\X@min=\dimen170
\Y@min=\dimen171
\X@max=\dimen172
\Y@max=\dimen173
\lastobjectbox@=\box54
\zerodotbox@=\box55
\almostz@=\dimen174
 direction,
\d@X=\dimen175
\d@Y=\dimen176
\K@=\count274
\KK@=\count275
\Direction=\count276
\K@dXdY=\dimen177
\K@dYdX=\dimen178
\xyread@=\read3
\xywrite@=\write4
\csp@=\count277
\quotPTK@=\dimen179

utility macros; pictures: \xy, positions,
\swaptoks@@=\toks31
\connectobjectbox@@=\box56
 objects,
\styletoks@=\toks32
 decorations;
kernel objects: directionals, circles, text; options; algorithms: directions,
edges, connections;  Xy-pic loaded)
(/usr/local/texlive/2023/texmf-dist/tex/generic/iftex/ifpdf.sty
Package: ifpdf 2019/10/25 v3.4 ifpdf legacy package. Use iftex instead.

(/usr/local/texlive/2023/texmf-dist/tex/generic/iftex/iftex.sty
Package: iftex 2022/02/03 v1.0f TeX engine tests
))
Package: xy 2013/10/06 Xy-pic version 3.8.9

(/usr/local/texlive/2023/texmf-dist/tex/generic/xypic/xyall.tex
 Xy-pic option: All features v.3.8
(/usr/local/texlive/2023/texmf-dist/tex/generic/xypic/xycurve.tex
 Xy-pic option: Curve and Spline extension v.3.12 curve,
\crv@cnt@=\count278
\crvpts@=\toks33
\splinebox@=\box57
\splineval@=\dimen180
\splinedepth@=\dimen181
\splinetol@=\dimen182
\splinelength@=\dimen183
 circles,
\L@=\dimen184
 loaded)
(/usr/local/texlive/2023/texmf-dist/tex/generic/xypic/xyframe.tex
 Xy-pic option: Frame and Bracket extension v.3.14 loaded)
(/usr/local/texlive/2023/texmf-dist/tex/generic/xypic/xycmtip.tex
 Xy-pic option: Computer Modern tip extension v.3.7
(/usr/local/texlive/2023/texmf-dist/tex/generic/xypic/xytips.tex
 Xy-pic option: More Tips extension v.3.11 loaded) loaded)
(/usr/local/texlive/2023/texmf-dist/tex/generic/xypic/xyline.tex
 Xy-pic option: Line styles extension v.3.10
\xylinethick@=\dimen185
 loaded)
(/usr/local/texlive/2023/texmf-dist/tex/generic/xypic/xyrotate.tex
 Xy-pic option: Rotate and Scale extension v.3.8 loaded)
(/usr/local/texlive/2023/texmf-dist/tex/generic/xypic/xycolor.tex
 Xy-pic option: Colour extension v.3.11 loaded)
(/usr/local/texlive/2023/texmf-dist/tex/generic/xypic/xymatrix.tex
 Xy-pic option: Matrix feature v.3.14
\Row=\count279
\Col=\count280
\queue@=\toks34
\queue@@=\toks35
\qcount@=\count281
\qcount@@=\count282
\matrixsize@=\count283
 loaded)
(/usr/local/texlive/2023/texmf-dist/tex/generic/xypic/xyarrow.tex
 Xy-pic option: Arrow and Path feature v.3.9 path, \ar, loaded)
(/usr/local/texlive/2023/texmf-dist/tex/generic/xypic/xygraph.tex
 Xy-pic option: Graph feature v.3.11 loaded) loaded)
(/usr/local/texlive/2023/texmf-dist/tex/generic/xypic/xypdf.tex
 Xy-pic option: PDF driver v.1.7 Xy-pic pdf driver: `color' extension support
(/usr/local/texlive/2023/texmf-dist/tex/generic/xypic/xypdf-co.tex loaded)
Xy-pic pdf driver: `curve' extension support
(/usr/local/texlive/2023/texmf-dist/tex/generic/xypic/xypdf-cu.tex loaded)
Xy-pic pdf driver: `frame' extension support
(/usr/local/texlive/2023/texmf-dist/tex/generic/xypic/xypdf-fr.tex loaded)
Xy-pic pdf driver: `line' extension support
(/usr/local/texlive/2023/texmf-dist/tex/generic/xypic/xypdf-li.tex loaded)
Xy-pic pdf driver: `rotate' extension support
(/usr/local/texlive/2023/texmf-dist/tex/generic/xypic/xypdf-ro.tex loaded)
loaded)) (/usr/local/texlive/2023/texmf-dist/tex/latex/endnotes/endnotes.sty
Package: endnotes 2020-01-02 endnotes package
\c@endnote=\count284
\endnotesep=\dimen186
\@enotes=\write5
)
(/usr/local/texlive/2023/texmf-dist/tex/latex/graphics/lscape.sty
Package: lscape 2020/05/28 v3.02 Landscape Pages (DPC)
)
\c@com=\count285

(/usr/local/texlive/2023/texmf-dist/tex/latex/float/float.sty
Package: float 2001/11/08 v1.3d Float enhancements (AL)
\c@float@type=\count286
\float@exts=\toks36
\float@box=\box58
\@float@everytoks=\toks37
\@floatcapt=\box59
)
\c@lem=\count287
\c@prop=\count288
\c@thm=\count289
\c@defn=\count290
\c@cor=\count291
\c@obs=\count292

(/usr/local/texlive/2023/texmf-dist/tex/latex/titlesec/titlesec.sty
Package: titlesec 2021/07/05 v2.14 Sectioning titles
\ttl@box=\box60
\beforetitleunit=\skip57
\aftertitleunit=\skip58
\ttl@plus=\dimen187
\ttl@minus=\dimen188
\ttl@toksa=\toks38
\titlewidth=\dimen189
\titlewidthlast=\dimen190
\titlewidthfirst=\dimen191
)
(/usr/local/texlive/2023/texmf-dist/tex/latex/tools/dcolumn.sty
Package: dcolumn 2014/10/28 v1.06 decimal alignment package (DPC)

(/usr/local/texlive/2023/texmf-dist/tex/latex/tools/array.sty
Package: array 2022/09/04 v2.5g Tabular extension package (FMi)
\col@sep=\dimen192
\ar@mcellbox=\box61
\extrarowheight=\dimen193
\NC@list=\toks39
\extratabsurround=\skip59
\backup@length=\skip60
\ar@cellbox=\box62
))
(/usr/local/texlive/2023/texmf-dist/tex/latex/pgf/frontendlayer/tikz.sty
(/usr/local/texlive/2023/texmf-dist/tex/latex/pgf/basiclayer/pgf.sty
(/usr/local/texlive/2023/texmf-dist/tex/latex/pgf/utilities/pgfrcs.sty
(/usr/local/texlive/2023/texmf-dist/tex/generic/pgf/utilities/pgfutil-common.te
x
\pgfutil@everybye=\toks40
\pgfutil@tempdima=\dimen194
\pgfutil@tempdimb=\dimen195
)
(/usr/local/texlive/2023/texmf-dist/tex/generic/pgf/utilities/pgfutil-latex.def
\pgfutil@abb=\box63
) (/usr/local/texlive/2023/texmf-dist/tex/generic/pgf/utilities/pgfrcs.code.tex
(/usr/local/texlive/2023/texmf-dist/tex/generic/pgf/pgf.revision.tex)
Package: pgfrcs 2023-01-15 v3.1.10 (3.1.10)
))
Package: pgf 2023-01-15 v3.1.10 (3.1.10)

(/usr/local/texlive/2023/texmf-dist/tex/latex/pgf/basiclayer/pgfcore.sty
(/usr/local/texlive/2023/texmf-dist/tex/latex/pgf/systemlayer/pgfsys.sty
(/usr/local/texlive/2023/texmf-dist/tex/generic/pgf/systemlayer/pgfsys.code.tex
Package: pgfsys 2023-01-15 v3.1.10 (3.1.10)
(/usr/local/texlive/2023/texmf-dist/tex/generic/pgf/utilities/pgfkeys.code.tex
\pgfkeys@pathtoks=\toks41
\pgfkeys@temptoks=\toks42

(/usr/local/texlive/2023/texmf-dist/tex/generic/pgf/utilities/pgfkeyslibraryfil
tered.code.tex
\pgfkeys@tmptoks=\toks43
))
\pgf@x=\dimen196
\pgf@y=\dimen197
\pgf@xa=\dimen198
\pgf@ya=\dimen199
\pgf@xb=\dimen256
\pgf@yb=\dimen257
\pgf@xc=\dimen258
\pgf@yc=\dimen259
\pgf@xd=\dimen260
\pgf@yd=\dimen261
\w@pgf@writea=\write6
\r@pgf@reada=\read4
\c@pgf@counta=\count293
\c@pgf@countb=\count294
\c@pgf@countc=\count295
\c@pgf@countd=\count296
\t@pgf@toka=\toks44
\t@pgf@tokb=\toks45
\t@pgf@tokc=\toks46
\pgf@sys@id@count=\count297

(/usr/local/texlive/2023/texmf-dist/tex/generic/pgf/systemlayer/pgf.cfg
File: pgf.cfg 2023-01-15 v3.1.10 (3.1.10)
)
Driver file for pgf: pgfsys-pdftex.def

(/usr/local/texlive/2023/texmf-dist/tex/generic/pgf/systemlayer/pgfsys-pdftex.d
ef
File: pgfsys-pdftex.def 2023-01-15 v3.1.10 (3.1.10)

(/usr/local/texlive/2023/texmf-dist/tex/generic/pgf/systemlayer/pgfsys-common-p
df.def
File: pgfsys-common-pdf.def 2023-01-15 v3.1.10 (3.1.10)
)))
(/usr/local/texlive/2023/texmf-dist/tex/generic/pgf/systemlayer/pgfsyssoftpath.
code.tex
File: pgfsyssoftpath.code.tex 2023-01-15 v3.1.10 (3.1.10)
\pgfsyssoftpath@smallbuffer@items=\count298
\pgfsyssoftpath@bigbuffer@items=\count299
)
(/usr/local/texlive/2023/texmf-dist/tex/generic/pgf/systemlayer/pgfsysprotocol.
code.tex
File: pgfsysprotocol.code.tex 2023-01-15 v3.1.10 (3.1.10)
)) (/usr/local/texlive/2023/texmf-dist/tex/latex/xcolor/xcolor.sty
Package: xcolor 2022/06/12 v2.14 LaTeX color extensions (UK)

(/usr/local/texlive/2023/texmf-dist/tex/latex/graphics-cfg/color.cfg
File: color.cfg 2016/01/02 v1.6 sample color configuration
)
Package xcolor Info: Driver file: pdftex.def on input line 227.
LaTeX Info: Redefining \color on input line 711.

(/usr/local/texlive/2023/texmf-dist/tex/latex/graphics/mathcolor.ltx)
Package xcolor Info: Model `cmy' substituted by `cmy0' on input line 1353.
Package xcolor Info: Model `hsb' substituted by `rgb' on input line 1357.
Package xcolor Info: Model `RGB' extended on input line 1369.
Package xcolor Info: Model `HTML' substituted by `rgb' on input line 1371.
Package xcolor Info: Model `Hsb' substituted by `hsb' on input line 1372.
Package xcolor Info: Model `tHsb' substituted by `hsb' on input line 1373.
Package xcolor Info: Model `HSB' substituted by `hsb' on input line 1374.
Package xcolor Info: Model `Gray' substituted by `gray' on input line 1375.
Package xcolor Info: Model `wave' substituted by `hsb' on input line 1376.
)
(/usr/local/texlive/2023/texmf-dist/tex/generic/pgf/basiclayer/pgfcore.code.tex
Package: pgfcore 2023-01-15 v3.1.10 (3.1.10)
(/usr/local/texlive/2023/texmf-dist/tex/generic/pgf/math/pgfmath.code.tex
(/usr/local/texlive/2023/texmf-dist/tex/generic/pgf/math/pgfmathutil.code.tex)
(/usr/local/texlive/2023/texmf-dist/tex/generic/pgf/math/pgfmathparser.code.tex
\pgfmath@dimen=\dimen262
\pgfmath@count=\count300
\pgfmath@box=\box64
\pgfmath@toks=\toks47
\pgfmath@stack@operand=\toks48
\pgfmath@stack@operation=\toks49
)
(/usr/local/texlive/2023/texmf-dist/tex/generic/pgf/math/pgfmathfunctions.code.
tex)
(/usr/local/texlive/2023/texmf-dist/tex/generic/pgf/math/pgfmathfunctions.basic
.code.tex)
(/usr/local/texlive/2023/texmf-dist/tex/generic/pgf/math/pgfmathfunctions.trigo
nometric.code.tex)
(/usr/local/texlive/2023/texmf-dist/tex/generic/pgf/math/pgfmathfunctions.rando
m.code.tex)
(/usr/local/texlive/2023/texmf-dist/tex/generic/pgf/math/pgfmathfunctions.compa
rison.code.tex)
(/usr/local/texlive/2023/texmf-dist/tex/generic/pgf/math/pgfmathfunctions.base.
code.tex)
(/usr/local/texlive/2023/texmf-dist/tex/generic/pgf/math/pgfmathfunctions.round
.code.tex)
(/usr/local/texlive/2023/texmf-dist/tex/generic/pgf/math/pgfmathfunctions.misc.
code.tex)
(/usr/local/texlive/2023/texmf-dist/tex/generic/pgf/math/pgfmathfunctions.integ
erarithmetics.code.tex)
(/usr/local/texlive/2023/texmf-dist/tex/generic/pgf/math/pgfmathcalc.code.tex)
(/usr/local/texlive/2023/texmf-dist/tex/generic/pgf/math/pgfmathfloat.code.tex
\c@pgfmathroundto@lastzeros=\count301
)) (/usr/local/texlive/2023/texmf-dist/tex/generic/pgf/math/pgfint.code.tex)
(/usr/local/texlive/2023/texmf-dist/tex/generic/pgf/basiclayer/pgfcorepoints.co
de.tex
File: pgfcorepoints.code.tex 2023-01-15 v3.1.10 (3.1.10)
\pgf@picminx=\dimen263
\pgf@picmaxx=\dimen264
\pgf@picminy=\dimen265
\pgf@picmaxy=\dimen266
\pgf@pathminx=\dimen267
\pgf@pathmaxx=\dimen268
\pgf@pathminy=\dimen269
\pgf@pathmaxy=\dimen270
\pgf@xx=\dimen271
\pgf@xy=\dimen272
\pgf@yx=\dimen273
\pgf@yy=\dimen274
\pgf@zx=\dimen275
\pgf@zy=\dimen276
)
(/usr/local/texlive/2023/texmf-dist/tex/generic/pgf/basiclayer/pgfcorepathconst
ruct.code.tex
File: pgfcorepathconstruct.code.tex 2023-01-15 v3.1.10 (3.1.10)
\pgf@path@lastx=\dimen277
\pgf@path@lasty=\dimen278
)
(/usr/local/texlive/2023/texmf-dist/tex/generic/pgf/basiclayer/pgfcorepathusage
.code.tex
File: pgfcorepathusage.code.tex 2023-01-15 v3.1.10 (3.1.10)
\pgf@shorten@end@additional=\dimen279
\pgf@shorten@start@additional=\dimen280
)
(/usr/local/texlive/2023/texmf-dist/tex/generic/pgf/basiclayer/pgfcorescopes.co
de.tex
File: pgfcorescopes.code.tex 2023-01-15 v3.1.10 (3.1.10)
\pgfpic=\box65
\pgf@hbox=\box66
\pgf@layerbox@main=\box67
\pgf@picture@serial@count=\count302
)
(/usr/local/texlive/2023/texmf-dist/tex/generic/pgf/basiclayer/pgfcoregraphicst
ate.code.tex
File: pgfcoregraphicstate.code.tex 2023-01-15 v3.1.10 (3.1.10)
\pgflinewidth=\dimen281
)
(/usr/local/texlive/2023/texmf-dist/tex/generic/pgf/basiclayer/pgfcoretransform
ations.code.tex
File: pgfcoretransformations.code.tex 2023-01-15 v3.1.10 (3.1.10)
\pgf@pt@x=\dimen282
\pgf@pt@y=\dimen283
\pgf@pt@temp=\dimen284
)
(/usr/local/texlive/2023/texmf-dist/tex/generic/pgf/basiclayer/pgfcorequick.cod
e.tex
File: pgfcorequick.code.tex 2023-01-15 v3.1.10 (3.1.10)
)
(/usr/local/texlive/2023/texmf-dist/tex/generic/pgf/basiclayer/pgfcoreobjects.c
ode.tex
File: pgfcoreobjects.code.tex 2023-01-15 v3.1.10 (3.1.10)
)
(/usr/local/texlive/2023/texmf-dist/tex/generic/pgf/basiclayer/pgfcorepathproce
ssing.code.tex
File: pgfcorepathprocessing.code.tex 2023-01-15 v3.1.10 (3.1.10)
)
(/usr/local/texlive/2023/texmf-dist/tex/generic/pgf/basiclayer/pgfcorearrows.co
de.tex
File: pgfcorearrows.code.tex 2023-01-15 v3.1.10 (3.1.10)
\pgfarrowsep=\dimen285
)
(/usr/local/texlive/2023/texmf-dist/tex/generic/pgf/basiclayer/pgfcoreshade.cod
e.tex
File: pgfcoreshade.code.tex 2023-01-15 v3.1.10 (3.1.10)
\pgf@max=\dimen286
\pgf@sys@shading@range@num=\count303
\pgf@shadingcount=\count304
)
(/usr/local/texlive/2023/texmf-dist/tex/generic/pgf/basiclayer/pgfcoreimage.cod
e.tex
File: pgfcoreimage.code.tex 2023-01-15 v3.1.10 (3.1.10)
)
(/usr/local/texlive/2023/texmf-dist/tex/generic/pgf/basiclayer/pgfcoreexternal.
code.tex
File: pgfcoreexternal.code.tex 2023-01-15 v3.1.10 (3.1.10)
\pgfexternal@startupbox=\box68
)
(/usr/local/texlive/2023/texmf-dist/tex/generic/pgf/basiclayer/pgfcorelayers.co
de.tex
File: pgfcorelayers.code.tex 2023-01-15 v3.1.10 (3.1.10)
)
(/usr/local/texlive/2023/texmf-dist/tex/generic/pgf/basiclayer/pgfcoretranspare
ncy.code.tex
File: pgfcoretransparency.code.tex 2023-01-15 v3.1.10 (3.1.10)
)
(/usr/local/texlive/2023/texmf-dist/tex/generic/pgf/basiclayer/pgfcorepatterns.
code.tex
File: pgfcorepatterns.code.tex 2023-01-15 v3.1.10 (3.1.10)
)
(/usr/local/texlive/2023/texmf-dist/tex/generic/pgf/basiclayer/pgfcorerdf.code.
tex
File: pgfcorerdf.code.tex 2023-01-15 v3.1.10 (3.1.10)
)))
(/usr/local/texlive/2023/texmf-dist/tex/generic/pgf/modules/pgfmoduleshapes.cod
e.tex
File: pgfmoduleshapes.code.tex 2023-01-15 v3.1.10 (3.1.10)
\pgfnodeparttextbox=\box69
)
(/usr/local/texlive/2023/texmf-dist/tex/generic/pgf/modules/pgfmoduleplot.code.
tex
File: pgfmoduleplot.code.tex 2023-01-15 v3.1.10 (3.1.10)
)
(/usr/local/texlive/2023/texmf-dist/tex/latex/pgf/compatibility/pgfcomp-version
-0-65.sty
Package: pgfcomp-version-0-65 2023-01-15 v3.1.10 (3.1.10)
\pgf@nodesepstart=\dimen287
\pgf@nodesepend=\dimen288
)
(/usr/local/texlive/2023/texmf-dist/tex/latex/pgf/compatibility/pgfcomp-version
-1-18.sty
Package: pgfcomp-version-1-18 2023-01-15 v3.1.10 (3.1.10)
))
(/usr/local/texlive/2023/texmf-dist/tex/latex/pgf/utilities/pgffor.sty
(/usr/local/texlive/2023/texmf-dist/tex/latex/pgf/utilities/pgfkeys.sty
(/usr/local/texlive/2023/texmf-dist/tex/generic/pgf/utilities/pgfkeys.code.tex)
) (/usr/local/texlive/2023/texmf-dist/tex/latex/pgf/math/pgfmath.sty
(/usr/local/texlive/2023/texmf-dist/tex/generic/pgf/math/pgfmath.code.tex))
(/usr/local/texlive/2023/texmf-dist/tex/generic/pgf/utilities/pgffor.code.tex
Package: pgffor 2023-01-15 v3.1.10 (3.1.10)
\pgffor@iter=\dimen289
\pgffor@skip=\dimen290
\pgffor@stack=\toks50
\pgffor@toks=\toks51
))
(/usr/local/texlive/2023/texmf-dist/tex/generic/pgf/frontendlayer/tikz/tikz.cod
e.tex
Package: tikz 2023-01-15 v3.1.10 (3.1.10)

(/usr/local/texlive/2023/texmf-dist/tex/generic/pgf/libraries/pgflibraryplothan
dlers.code.tex
File: pgflibraryplothandlers.code.tex 2023-01-15 v3.1.10 (3.1.10)
\pgf@plot@mark@count=\count305
\pgfplotmarksize=\dimen291
)
\tikz@lastx=\dimen292
\tikz@lasty=\dimen293
\tikz@lastxsaved=\dimen294
\tikz@lastysaved=\dimen295
\tikz@lastmovetox=\dimen296
\tikz@lastmovetoy=\dimen297
\tikzleveldistance=\dimen298
\tikzsiblingdistance=\dimen299
\tikz@figbox=\box70
\tikz@figbox@bg=\box71
\tikz@tempbox=\box72
\tikz@tempbox@bg=\box73
\tikztreelevel=\count306
\tikznumberofchildren=\count307
\tikznumberofcurrentchild=\count308
\tikz@fig@count=\count309

(/usr/local/texlive/2023/texmf-dist/tex/generic/pgf/modules/pgfmodulematrix.cod
e.tex
File: pgfmodulematrix.code.tex 2023-01-15 v3.1.10 (3.1.10)
\pgfmatrixcurrentrow=\count310
\pgfmatrixcurrentcolumn=\count311
\pgf@matrix@numberofcolumns=\count312
)
\tikz@expandcount=\count313

(/usr/local/texlive/2023/texmf-dist/tex/generic/pgf/frontendlayer/tikz/librarie
s/tikzlibrarytopaths.code.tex
File: tikzlibrarytopaths.code.tex 2023-01-15 v3.1.10 (3.1.10)
)))
(/usr/local/texlive/2023/texmf-dist/tex/generic/pgf/frontendlayer/tikz/librarie
s/tikzlibraryarrows.code.tex
File: tikzlibraryarrows.code.tex 2023-01-15 v3.1.10 (3.1.10)

(/usr/local/texlive/2023/texmf-dist/tex/generic/pgf/libraries/pgflibraryarrows.
code.tex
File: pgflibraryarrows.code.tex 2023-01-15 v3.1.10 (3.1.10)
\arrowsize=\dimen300
)) (/usr/local/texlive/2023/texmf-dist/tex/latex/multirow/multirow.sty
Package: multirow 2021/03/15 v2.8 Span multiple rows of a table
\multirow@colwidth=\skip61
\multirow@cntb=\count314
\multirow@dima=\skip62
\bigstrutjot=\dimen301
) (/usr/local/texlive/2023/texmf-dist/tex/latex/url/url.sty
\Urlmuskip=\muskip17
Package: url 2013/09/16  ver 3.4  Verb mode for urls, etc.
)
(/usr/local/texlive/2023/texmf-dist/tex/latex/listings/listings.sty
\lst@mode=\count315
\lst@gtempboxa=\box74
\lst@token=\toks52
\lst@length=\count316
\lst@currlwidth=\dimen302
\lst@column=\count317
\lst@pos=\count318
\lst@lostspace=\dimen303
\lst@width=\dimen304
\lst@newlines=\count319
\lst@lineno=\count320
\lst@maxwidth=\dimen305

(/usr/local/texlive/2023/texmf-dist/tex/latex/listings/lstmisc.sty
File: lstmisc.sty 2023/02/27 1.9 (Carsten Heinz)
\c@lstnumber=\count321
\lst@skipnumbers=\count322
\lst@framebox=\box75
)
(/usr/local/texlive/2023/texmf-dist/tex/latex/listings/listings.cfg
File: listings.cfg 2023/02/27 1.9 listings configuration
))
Package: listings 2023/02/27 1.9 (Carsten Heinz)

(/usr/local/texlive/2023/texmf-dist/tex/latex/adjustbox/adjustbox.sty
Package: adjustbox 2022/10/17 v1.3a Adjusting TeX boxes (trim, clip, ...)

(/usr/local/texlive/2023/texmf-dist/tex/latex/xkeyval/xkeyval.sty
Package: xkeyval 2022/06/16 v2.9 package option processing (HA)

(/usr/local/texlive/2023/texmf-dist/tex/generic/xkeyval/xkeyval.tex
(/usr/local/texlive/2023/texmf-dist/tex/generic/xkeyval/xkvutils.tex
\XKV@toks=\toks53
\XKV@tempa@toks=\toks54
)
\XKV@depth=\count323
File: xkeyval.tex 2014/12/03 v2.7a key=value parser (HA)
))
(/usr/local/texlive/2023/texmf-dist/tex/latex/adjustbox/adjcalc.sty
Package: adjcalc 2012/05/16 v1.1 Provides advanced setlength with multiple back
-ends (calc, etex, pgfmath)
)
(/usr/local/texlive/2023/texmf-dist/tex/latex/adjustbox/trimclip.sty
Package: trimclip 2020/08/19 v1.2 Trim and clip general TeX material

(/usr/local/texlive/2023/texmf-dist/tex/latex/collectbox/collectbox.sty
Package: collectbox 2022/10/17 v0.4c Collect macro arguments as boxes
\collectedbox=\box76
)
\tc@llx=\dimen306
\tc@lly=\dimen307
\tc@urx=\dimen308
\tc@ury=\dimen309
Package trimclip Info: Using driver 'tc-pdftex.def'.

(/usr/local/texlive/2023/texmf-dist/tex/latex/adjustbox/tc-pdftex.def
File: tc-pdftex.def 2019/01/04 v2.2 Clipping driver for pdftex
))
\adjbox@Width=\dimen310
\adjbox@Height=\dimen311
\adjbox@Depth=\dimen312
\adjbox@Totalheight=\dimen313
\adjbox@pwidth=\dimen314
\adjbox@pheight=\dimen315
\adjbox@pdepth=\dimen316
\adjbox@ptotalheight=\dimen317

(/usr/local/texlive/2023/texmf-dist/tex/latex/ifoddpage/ifoddpage.sty
Package: ifoddpage 2022/10/18 v1.2 Conditionals for odd/even page detection
\c@checkoddpage=\count324
)
(/usr/local/texlive/2023/texmf-dist/tex/latex/varwidth/varwidth.sty
Package: varwidth 2009/03/30 ver 0.92;  Variable-width minipages
\@vwid@box=\box77
\sift@deathcycles=\count325
\@vwid@loff=\dimen318
\@vwid@roff=\dimen319
))
(/usr/local/texlive/2023/texmf-dist/tex/latex/caption/caption.sty
Package: caption 2023/03/12 v3.6j Customizing captions (AR)

(/usr/local/texlive/2023/texmf-dist/tex/latex/caption/caption3.sty
Package: caption3 2023/03/12 v2.4 caption3 kernel (AR)
\caption@tempdima=\dimen320
\captionmargin=\dimen321
\caption@leftmargin=\dimen322
\caption@rightmargin=\dimen323
\caption@width=\dimen324
\caption@indent=\dimen325
\caption@parindent=\dimen326
\caption@hangindent=\dimen327
Package caption Info: Standard document class detected.
)
\c@caption@flags=\count326
\c@continuedfloat=\count327
Package caption Info: float package is loaded.
Package caption Info: listings package is loaded.
)
(/usr/local/texlive/2023/texmf-dist/tex/latex/hyperref/hyperref.sty
Package: hyperref 2023-02-07 v7.00v Hypertext links for LaTeX

(/usr/local/texlive/2023/texmf-dist/tex/generic/ltxcmds/ltxcmds.sty
Package: ltxcmds 2020-05-10 v1.25 LaTeX kernel commands for general use (HO)
)
(/usr/local/texlive/2023/texmf-dist/tex/generic/pdftexcmds/pdftexcmds.sty
Package: pdftexcmds 2020-06-27 v0.33 Utility functions of pdfTeX for LuaTeX (HO
)

(/usr/local/texlive/2023/texmf-dist/tex/generic/infwarerr/infwarerr.sty
Package: infwarerr 2019/12/03 v1.5 Providing info/warning/error messages (HO)
)
Package pdftexcmds Info: \pdf@primitive is available.
Package pdftexcmds Info: \pdf@ifprimitive is available.
Package pdftexcmds Info: \pdfdraftmode found.
)
(/usr/local/texlive/2023/texmf-dist/tex/latex/kvsetkeys/kvsetkeys.sty
Package: kvsetkeys 2022-10-05 v1.19 Key value parser (HO)
)
(/usr/local/texlive/2023/texmf-dist/tex/generic/kvdefinekeys/kvdefinekeys.sty
Package: kvdefinekeys 2019-12-19 v1.6 Define keys (HO)
)
(/usr/local/texlive/2023/texmf-dist/tex/generic/pdfescape/pdfescape.sty
Package: pdfescape 2019/12/09 v1.15 Implements pdfTeX's escape features (HO)
)
(/usr/local/texlive/2023/texmf-dist/tex/latex/hycolor/hycolor.sty
Package: hycolor 2020-01-27 v1.10 Color options for hyperref/bookmark (HO)
)
(/usr/local/texlive/2023/texmf-dist/tex/latex/letltxmacro/letltxmacro.sty
Package: letltxmacro 2019/12/03 v1.6 Let assignment for LaTeX macros (HO)
)
(/usr/local/texlive/2023/texmf-dist/tex/latex/auxhook/auxhook.sty
Package: auxhook 2019-12-17 v1.6 Hooks for auxiliary files (HO)
)
(/usr/local/texlive/2023/texmf-dist/tex/latex/hyperref/nameref.sty
Package: nameref 2022-05-17 v2.50 Cross-referencing by name of section

(/usr/local/texlive/2023/texmf-dist/tex/latex/refcount/refcount.sty
Package: refcount 2019/12/15 v3.6 Data extraction from label references (HO)
)
(/usr/local/texlive/2023/texmf-dist/tex/generic/gettitlestring/gettitlestring.s
ty
Package: gettitlestring 2019/12/15 v1.6 Cleanup title references (HO)
 (/usr/local/texlive/2023/texmf-dist/tex/latex/kvoptions/kvoptions.sty
Package: kvoptions 2022-06-15 v3.15 Key value format for package options (HO)
))
\c@section@level=\count328
)
\@linkdim=\dimen328
\Hy@linkcounter=\count329
\Hy@pagecounter=\count330

(/usr/local/texlive/2023/texmf-dist/tex/latex/hyperref/pd1enc.def
File: pd1enc.def 2023-02-07 v7.00v Hyperref: PDFDocEncoding definition (HO)
Now handling font encoding PD1 ...
... no UTF-8 mapping file for font encoding PD1
)
(/usr/local/texlive/2023/texmf-dist/tex/generic/intcalc/intcalc.sty
Package: intcalc 2019/12/15 v1.3 Expandable calculations with integers (HO)
)
(/usr/local/texlive/2023/texmf-dist/tex/generic/etexcmds/etexcmds.sty
Package: etexcmds 2019/12/15 v1.7 Avoid name clashes with e-TeX commands (HO)
)
\Hy@SavedSpaceFactor=\count331

(/usr/local/texlive/2023/texmf-dist/tex/latex/hyperref/puenc.def
File: puenc.def 2023-02-07 v7.00v Hyperref: PDF Unicode definition (HO)
Now handling font encoding PU ...
... no UTF-8 mapping file for font encoding PU
)
Package hyperref Info: Hyper figures OFF on input line 4177.
Package hyperref Info: Link nesting OFF on input line 4182.
Package hyperref Info: Hyper index ON on input line 4185.
Package hyperref Info: Plain pages OFF on input line 4192.
Package hyperref Info: Backreferencing OFF on input line 4197.
Package hyperref Info: Implicit mode ON; LaTeX internals redefined.
Package hyperref Info: Bookmarks ON on input line 4425.
\c@Hy@tempcnt=\count332
LaTeX Info: Redefining \url on input line 4763.
\XeTeXLinkMargin=\dimen329

(/usr/local/texlive/2023/texmf-dist/tex/generic/bitset/bitset.sty
Package: bitset 2019/12/09 v1.3 Handle bit-vector datatype (HO)

(/usr/local/texlive/2023/texmf-dist/tex/generic/bigintcalc/bigintcalc.sty
Package: bigintcalc 2019/12/15 v1.5 Expandable calculations on big integers (HO
)
))
\Fld@menulength=\count333
\Field@Width=\dimen330
\Fld@charsize=\dimen331
Package hyperref Info: Hyper figures OFF on input line 6042.
Package hyperref Info: Link nesting OFF on input line 6047.
Package hyperref Info: Hyper index ON on input line 6050.
Package hyperref Info: backreferencing OFF on input line 6057.
Package hyperref Info: Link coloring OFF on input line 6062.
Package hyperref Info: Link coloring with OCG OFF on input line 6067.
Package hyperref Info: PDF/A mode OFF on input line 6072.

(/usr/local/texlive/2023/texmf-dist/tex/latex/base/atbegshi-ltx.sty
Package: atbegshi-ltx 2021/01/10 v1.0c Emulation of the original atbegshi
package with kernel methods
)
\Hy@abspage=\count334
\c@Item=\count335
\c@Hfootnote=\count336
)
Package hyperref Info: Driver (autodetected): hpdftex.

(/usr/local/texlive/2023/texmf-dist/tex/latex/hyperref/hpdftex.def
File: hpdftex.def 2023-02-07 v7.00v Hyperref driver for pdfTeX

(/usr/local/texlive/2023/texmf-dist/tex/latex/base/atveryend-ltx.sty
Package: atveryend-ltx 2020/08/19 v1.0a Emulation of the original atveryend pac
kage
with kernel methods
)
\Fld@listcount=\count337
\c@bookmark@seq@number=\count338

(/usr/local/texlive/2023/texmf-dist/tex/latex/rerunfilecheck/rerunfilecheck.sty
Package: rerunfilecheck 2022-07-10 v1.10 Rerun checks for auxiliary files (HO)

(/usr/local/texlive/2023/texmf-dist/tex/generic/uniquecounter/uniquecounter.sty
Package: uniquecounter 2019/12/15 v1.4 Provide unlimited unique counter (HO)
)
Package uniquecounter Info: New unique counter `rerunfilecheck' on input line 2
85.
)
\Hy@SectionHShift=\skip63
) (/usr/local/texlive/2023/texmf-dist/tex/latex/tools/longtable.sty
Package: longtable 2021-09-01 v4.17 Multi-page Table package (DPC)
\LTleft=\skip64
\LTright=\skip65
\LTpre=\skip66
\LTpost=\skip67
\LTchunksize=\count339
\LTcapwidth=\dimen332
\LT@head=\box78
\LT@firsthead=\box79
\LT@foot=\box80
\LT@lastfoot=\box81
\LT@gbox=\box82
\LT@cols=\count340
\LT@rows=\count341
\c@LT@tables=\count342
\c@LT@chunks=\count343
\LT@p@ftn=\toks55
)
(/usr/local/texlive/2023/texmf-dist/tex/latex/biblatex-chicago/biblatex-chicago
.sty
Package: biblatex-chicago 2022/07/02 v 3.18 biblatex style
 (/usr/local/texlive/2023/texmf-dist/tex/latex/etoolbox/etoolbox.sty
Package: etoolbox 2020/10/05 v2.5k e-TeX tools for LaTeX (JAW)
\etb@tempcnta=\count344
)
(/usr/local/texlive/2023/texmf-dist/tex/generic/xstring/xstring.sty
(/usr/local/texlive/2023/texmf-dist/tex/generic/xstring/xstring.tex
\integerpart=\count345
\decimalpart=\count346
)
Package: xstring 2023/01/14 v1.85 String manipulations (CT)
)
(/usr/local/texlive/2023/texmf-dist/tex/latex/biblatex/biblatex.sty
Package: biblatex 2023/03/05 v3.19 programmable bibliographies (PK/MW)

(/usr/local/texlive/2023/texmf-dist/tex/latex/logreq/logreq.sty
Package: logreq 2010/08/04 v1.0 xml request logger
\lrq@indent=\count347

(/usr/local/texlive/2023/texmf-dist/tex/latex/logreq/logreq.def
File: logreq.def 2010/08/04 v1.0 logreq spec v1.0
))
(/usr/local/texlive/2023/texmf-dist/tex/latex/base/ifthen.sty
Package: ifthen 2022/04/13 v1.1d Standard LaTeX ifthen package (DPC)
)
\c@tabx@nest=\count348
\c@listtotal=\count349
\c@listcount=\count350
\c@liststart=\count351
\c@liststop=\count352
\c@citecount=\count353
\c@citetotal=\count354
\c@multicitecount=\count355
\c@multicitetotal=\count356
\c@instcount=\count357
\c@maxnames=\count358
\c@minnames=\count359
\c@maxitems=\count360
\c@minitems=\count361
\c@citecounter=\count362
\c@maxcitecounter=\count363
\c@savedcitecounter=\count364
\c@uniquelist=\count365
\c@uniquename=\count366
\c@refsection=\count367
\c@refsegment=\count368
\c@maxextratitle=\count369
\c@maxextratitleyear=\count370
\c@maxextraname=\count371
\c@maxextradate=\count372
\c@maxextraalpha=\count373
\c@abbrvpenalty=\count374
\c@highnamepenalty=\count375
\c@lownamepenalty=\count376
\c@maxparens=\count377
\c@parenlevel=\count378
\blx@tempcnta=\count379
\blx@tempcntb=\count380
\blx@tempcntc=\count381
\c@blx@maxsection=\count382
\blx@maxsegment@0=\count383
\blx@notetype=\count384
\blx@parenlevel@text=\count385
\blx@parenlevel@foot=\count386
\blx@sectionciteorder@0=\count387
\blx@sectionciteorderinternal@0=\count388
\blx@entrysetcounter=\count389
\blx@biblioinstance=\count390
\labelnumberwidth=\skip68
\labelalphawidth=\skip69
\biblabelsep=\skip70
\bibitemsep=\skip71
\bibnamesep=\skip72
\bibinitsep=\skip73
\bibparsep=\skip74
\bibhang=\skip75
\blx@bcfin=\read5
\blx@bcfout=\write7
\blx@langwohyphens=\language87
\c@mincomprange=\count391
\c@maxcomprange=\count392
\c@mincompwidth=\count393
Package biblatex Info: Trying to load biblatex default data model...
Package biblatex Info: ... file 'blx-dm.def' found.

(/usr/local/texlive/2023/texmf-dist/tex/latex/biblatex/blx-dm.def
File: blx-dm.def 2023/03/05 v3.19 biblatex localization (PK/MW)
)
Package biblatex Info: Trying to load biblatex style data model...
Package biblatex Info: ... file 'chicago-notes.dbx' not found.
Package biblatex Info: Trying to load biblatex custom data model...
Package biblatex Info: ... file 'biblatex-dm.cfg' not found.
\c@afterword=\count394
\c@savedafterword=\count395
\c@annotator=\count396
\c@savedannotator=\count397
\c@author=\count398
\c@savedauthor=\count399
\c@bookauthor=\count400
\c@savedbookauthor=\count401
\c@commentator=\count402
\c@savedcommentator=\count403
\c@editor=\count404
\c@savededitor=\count405
\c@editora=\count406
\c@savededitora=\count407
\c@editorb=\count408
\c@savededitorb=\count409
\c@editorc=\count410
\c@savededitorc=\count411
\c@foreword=\count412
\c@savedforeword=\count413
\c@holder=\count414
\c@savedholder=\count415
\c@introduction=\count416
\c@savedintroduction=\count417
\c@namea=\count418
\c@savednamea=\count419
\c@nameb=\count420
\c@savednameb=\count421
\c@namec=\count422
\c@savednamec=\count423
\c@translator=\count424
\c@savedtranslator=\count425
\c@shortauthor=\count426
\c@savedshortauthor=\count427
\c@shorteditor=\count428
\c@savedshorteditor=\count429
\c@labelname=\count430
\c@savedlabelname=\count431
\c@institution=\count432
\c@savedinstitution=\count433
\c@lista=\count434
\c@savedlista=\count435
\c@listb=\count436
\c@savedlistb=\count437
\c@listc=\count438
\c@savedlistc=\count439
\c@listd=\count440
\c@savedlistd=\count441
\c@liste=\count442
\c@savedliste=\count443
\c@listf=\count444
\c@savedlistf=\count445
\c@location=\count446
\c@savedlocation=\count447
\c@organization=\count448
\c@savedorganization=\count449
\c@origlocation=\count450
\c@savedoriglocation=\count451
\c@origpublisher=\count452
\c@savedorigpublisher=\count453
\c@publisher=\count454
\c@savedpublisher=\count455
\c@language=\count456
\c@savedlanguage=\count457
\c@origlanguage=\count458
\c@savedoriglanguage=\count459
\c@pageref=\count460
\c@savedpageref=\count461
\shorthandwidth=\skip76
\shortjournalwidth=\skip77
\shortserieswidth=\skip78
\shorttitlewidth=\skip79
\shortauthorwidth=\skip80
\shorteditorwidth=\skip81
\locallabelnumberwidth=\skip82
\locallabelalphawidth=\skip83
\localshorthandwidth=\skip84
\localshortjournalwidth=\skip85
\localshortserieswidth=\skip86
\localshorttitlewidth=\skip87
\localshortauthorwidth=\skip88
\localshorteditorwidth=\skip89
Package biblatex Info: Trying to load compatibility code...
Package biblatex Info: ... file 'blx-compat.def' found.

(/usr/local/texlive/2023/texmf-dist/tex/latex/biblatex/blx-compat.def
File: blx-compat.def 2023/03/05 v3.19 biblatex compatibility (PK/MW)
)
Package biblatex Info: Trying to load generic definitions...
Package biblatex Info: ... file 'biblatex.def' found.

(/usr/local/texlive/2023/texmf-dist/tex/latex/biblatex/biblatex.def
File: biblatex.def 2023/03/05 v3.19 biblatex compatibility (PK/MW)
\c@textcitecount=\count462
\c@textcitetotal=\count463
\c@textcitemaxnames=\count464
\c@biburlbigbreakpenalty=\count465
\c@biburlbreakpenalty=\count466
\c@biburlnumpenalty=\count467
\c@biburlucpenalty=\count468
\c@biburllcpenalty=\count469
\biburlbigskip=\muskip18
\biburlnumskip=\muskip19
\biburlucskip=\muskip20
\biburllcskip=\muskip21
\c@smartand=\count470
)
Package biblatex Info: Trying to load bibliography style 'chicago-notes'...
Package biblatex Info: ... file 'chicago-notes.bbx' found.

(/usr/local/texlive/2023/texmf-dist/tex/latex/biblatex-chicago/chicago-notes.bb
x
File: chicago-notes.bbx 2022/11/17 v 3.18b biblatex bibliography style
\lositemsep=\skip90
Package biblatex Info: Delimiter 'revsdnamedelim' in context '' already defined
, overwriting.
\cms@tempcnta=\count471
\cms@tempcntb=\count472
\c@bbx:relatedcount=\count473
\c@bbx:relatedtotal=\count474
\c@cms@reviewcount=\count475
\c@cms@currentnote=\count476
)
Package biblatex Info: Trying to load citation style 'chicago-notes'...
Package biblatex Info: ... file 'chicago-notes.cbx' found.

(/usr/local/texlive/2023/texmf-dist/tex/latex/biblatex-chicago/chicago-notes.cb
x
File: chicago-notes.cbx 2022/11/17 v 3.18b biblatex citation style
Package biblatex Info: Redefining '\cite'.
Package biblatex Info: Redefining '\parencite'.
Package biblatex Info: Redefining '\footcite'.
Package biblatex Info: Redefining '\smartcite'.
Package biblatex Info: Redefining '\smartcites'.
Package biblatex Info: Redefining '\footfullcite'.
Package biblatex Info: Redefining '\fullcite'.
Package biblatex Info: Redefining '\citeincitef'.
Package biblatex Info: Redefining '\citeauthor'.
Package biblatex Info: Redefining '\textcite'.
Package biblatex Info: Redefining '\textcites'.
\c@cms@punct=\count477
Package biblatex Info: Delimiter 'dateeradelim' in context '' already defined, 
overwriting.
)
Package biblatex Info: Trying to load configuration file...
Package biblatex Info: ... file 'biblatex.cfg' found.
 (/usr/local/texlive/2023/texmf-dist/tex/latex/biblatex/biblatex.cfg
File: biblatex.cfg 
)
Package biblatex Info: Input encoding 'utf8' detected.
Package biblatex Info: Document encoding is UTF8 ....

(/usr/local/texlive/2023/texmf-dist/tex/latex/l3kernel/expl3.sty
Package: expl3 2023-02-22 L3 programming layer (loader) 

(/usr/local/texlive/2023/texmf-dist/tex/latex/l3backend/l3backend-pdftex.def
File: l3backend-pdftex.def 2023-01-16 L3 backend support: PDF output (pdfTeX)
\l__color_backend_stack_int=\count478
\l__pdf_internal_box=\box83
))
Package biblatex Info: ... and expl3
(biblatex)             2023-02-22 L3 programming layer (loader) 
(biblatex)             is new enough (at least 2020/04/06),
(biblatex)             setting 'casechanger=expl3'.

(/usr/local/texlive/2023/texmf-dist/tex/latex/biblatex/blx-case-expl3.sty
(/usr/local/texlive/2023/texmf-dist/tex/latex/l3packages/xparse/xparse.sty
Package: xparse 2023-02-02 L3 Experimental document command parser
)
Package: blx-case-expl3 2023/03/05 v3.19 expl3 case changing code for biblatex
)))
(/usr/local/texlive/2023/texmf-dist/tex/latex/cellspace/cellspace.sty
Package: cellspace 2022/01/04 v1.9.0 Spacing table cells (JN)

(/usr/local/texlive/2023/texmf-dist/tex/latex/tools/calc.sty
Package: calc 2017/05/25 v4.3 Infix arithmetic (KKT,FJ)
\calc@Acount=\count479
\calc@Bcount=\count480
\calc@Adimen=\dimen333
\calc@Bdimen=\dimen334
\calc@Askip=\skip91
\calc@Bskip=\skip92
LaTeX Info: Redefining \setlength on input line 80.
LaTeX Info: Redefining \addtolength on input line 81.
\calc@Ccount=\count481
\calc@Cskip=\skip93
)
\cellspacetoplimit=\dimen335
\cellspacebottomlimit=\dimen336
\cellspace@firstht=\dimen337
\cellspace@lastdp=\dimen338
)
\c@hyp=\count482
\@quotelevel=\count483
\@quotereset=\count484
 (./App2.aux)
\openout1 = `App2.aux'.

LaTeX Font Info:    Checking defaults for OML/cmm/m/it on input line 93.
LaTeX Font Info:    ... okay on input line 93.
LaTeX Font Info:    Checking defaults for OMS/cmsy/m/n on input line 93.
LaTeX Font Info:    ... okay on input line 93.
LaTeX Font Info:    Checking defaults for OT1/cmr/m/n on input line 93.
LaTeX Font Info:    ... okay on input line 93.
LaTeX Font Info:    Checking defaults for T1/cmr/m/n on input line 93.
LaTeX Font Info:    ... okay on input line 93.
LaTeX Font Info:    Checking defaults for TS1/cmr/m/n on input line 93.
LaTeX Font Info:    ... okay on input line 93.
LaTeX Font Info:    Checking defaults for OMX/cmex/m/n on input line 93.
LaTeX Font Info:    ... okay on input line 93.
LaTeX Font Info:    Checking defaults for U/cmr/m/n on input line 93.
LaTeX Font Info:    ... okay on input line 93.
LaTeX Font Info:    Checking defaults for PD1/pdf/m/n on input line 93.
LaTeX Font Info:    ... okay on input line 93.
LaTeX Font Info:    Checking defaults for PU/pdf/m/n on input line 93.
LaTeX Font Info:    ... okay on input line 93.

(/usr/local/texlive/2023/texmf-dist/tex/context/base/mkii/supp-pdf.mkii
[Loading MPS to PDF converter (version 2006.09.02).]
\scratchcounter=\count485
\scratchdimen=\dimen339
\scratchbox=\box84
\nofMPsegments=\count486
\nofMParguments=\count487
\everyMPshowfont=\toks56
\MPscratchCnt=\count488
\MPscratchDim=\dimen340
\MPnumerator=\count489
\makeMPintoPDFobject=\count490
\everyMPtoPDFconversion=\toks57
) (/usr/local/texlive/2023/texmf-dist/tex/latex/epstopdf-pkg/epstopdf-base.sty
Package: epstopdf-base 2020-01-24 v2.11 Base part for package epstopdf
Package epstopdf-base Info: Redefining graphics rule for `.eps' on input line 4
85.

(/usr/local/texlive/2023/texmf-dist/tex/latex/latexconfig/epstopdf-sys.cfg
File: epstopdf-sys.cfg 2010/07/13 v1.3 Configuration of (r)epstopdf for TeX Liv
e
))
LaTeX Font Info:    Trying to load font information for U+msa on input line 93.


(/usr/local/texlive/2023/texmf-dist/tex/latex/amsfonts/umsa.fd
File: umsa.fd 2013/01/14 v3.01 AMS symbols A
)
LaTeX Font Info:    Trying to load font information for U+msb on input line 93.


(/usr/local/texlive/2023/texmf-dist/tex/latex/amsfonts/umsb.fd
File: umsb.fd 2013/01/14 v3.01 AMS symbols B
)
Package xypdf Info: Line width: 0.47998pt on input line 93.
\c@lstlisting=\count491
Package caption Info: Begin \AtBeginDocument code.
Package caption Info: hyperref package is loaded.
Package caption Info: longtable package is loaded.

(/usr/local/texlive/2023/texmf-dist/tex/latex/caption/ltcaption.sty
Package: ltcaption 2021/01/08 v1.4c longtable captions (AR)
)
Package caption Info: End \AtBeginDocument code.
Package hyperref Info: Link coloring OFF on input line 93.

(./App2.out) (./App2.out)
\@outlinefile=\write8
\openout8 = `App2.out'.

Package biblatex Info: Trying to load language 'english' -> 'cms-american'...
Package biblatex Info: ... file 'cms-american.lbx' found.

(/usr/local/texlive/2023/texmf-dist/tex/latex/biblatex-chicago/cms-american.lbx
File: cms-american.lbx 2022/07/02 v 3.18 biblatex localization
Package biblatex Info: Trying to load language 'american'...
Package biblatex Info: ... file 'american.lbx' found.
(/usr/local/texlive/2023/texmf-dist/tex/latex/biblatex/lbx/american.lbx
File: american.lbx 2023/03/05 v3.19 biblatex localization (PK/MW)
Package biblatex Info: Trying to load language 'english'...
Package biblatex Info: ... file 'english.lbx' found.

(/usr/local/texlive/2023/texmf-dist/tex/latex/biblatex/lbx/english.lbx
File: english.lbx 2023/03/05 v3.19 biblatex localization (PK/MW)
))
Package biblatex Info: Trying to load language 'english'...
Package biblatex Info: ... file 'english.lbx' found.

(/usr/local/texlive/2023/texmf-dist/tex/latex/biblatex/lbx/english.lbx
File: english.lbx 2023/03/05 v3.19 biblatex localization (PK/MW)
))
Package biblatex Info: Input encoding 'utf8' detected.
Package biblatex Info: Automatic encoding selection.
(biblatex)             Assuming data encoding 'utf8'.
\openout7 = `App2.bcf'.

Package biblatex Info: Trying to load bibliographic data...
Package biblatex Info: ... file 'App2.bbl' found.

(./App2.bbl)
Package biblatex Info: Reference section=0 on input line 93.
Package biblatex Info: Reference segment=0 on input line 93.
<Trinity_RGB_transparent_main.png, id=59, 412.6617pt x 142.3719pt>
File: Trinity_RGB_transparent_main.png Graphic file (type png)
<use Trinity_RGB_transparent_main.png>
Package pdftex.def Info: Trinity_RGB_transparent_main.png  used on input line 1
02.
(pdftex.def)             Requested size: 469.75502pt x 162.07101pt.
 [1

{/usr/local/texlive/2023/texmf-var/fonts/map/pdftex/updmap/pdftex.map} <./Trini
ty_RGB_transparent_main.png>] (./App2.toc)
\tf@toc=\write9
\openout9 = `App2.toc'.


pdfTeX warning (ext4): destination with the same identifier (name{page.1}) has 
been already used, duplicate ignored
<to be read again> 
                   \relax 
l.118 	\listoffigures
                      [1

] (./App2.lof)
\tf@lof=\write10
\openout10 = `App2.lof'.

 [2

] (./App2.lot)
\tf@lot=\write11
\openout11 = `App2.lot'.

 [3

] [4

]
</Users/sarabcidf/Desktop/ASDS/Dissertation/FinalScripts/CallanByCountry/Bolivi
a_feature_importance.png, id=170, 660.5478pt x 397.2441pt>
File: /Users/sarabcidf/Desktop/ASDS/Dissertation/FinalScripts/CallanByCountry/B
olivia_feature_importance.png Graphic file (type png)
<use /Users/sarabcidf/Desktop/ASDS/Dissertation/FinalScripts/CallanByCountry/Bo
livia_feature_importance.png>
Package pdftex.def Info: /Users/sarabcidf/Desktop/ASDS/Dissertation/FinalScript
s/CallanByCountry/Bolivia_feature_importance.png  used on input line 208.
(pdftex.def)             Requested size: 375.80544pt x 226.00717pt.
</Users/sarabcidf/Desktop/ASDS/Dissertation/FinalScripts/CallanByCountry/Bolivi
a_error_rate.png, id=171, 616.4631pt x 397.2441pt>
File: /Users/sarabcidf/Desktop/ASDS/Dissertation/FinalScripts/CallanByCountry/B
olivia_error_rate.png Graphic file (type png)
<use /Users/sarabcidf/Desktop/ASDS/Dissertation/FinalScripts/CallanByCountry/Bo
livia_error_rate.png>
Package pdftex.def Info: /Users/sarabcidf/Desktop/ASDS/Dissertation/FinalScript
s/CallanByCountry/Bolivia_error_rate.png  used on input line 213.
(pdftex.def)             Requested size: 375.80544pt x 242.17307pt.
</Users/sarabcidf/Desktop/ASDS/Dissertation/FinalScripts/CallanByCountry/Bolivi
a_learning_curve.png, id=172, 616.4631pt x 397.2441pt>
File: /Users/sarabcidf/Desktop/ASDS/Dissertation/FinalScripts/CallanByCountry/B
olivia_learning_curve.png Graphic file (type png)
<use /Users/sarabcidf/Desktop/ASDS/Dissertation/FinalScripts/CallanByCountry/Bo
livia_learning_curve.png>
Package pdftex.def Info: /Users/sarabcidf/Desktop/ASDS/Dissertation/FinalScript
s/CallanByCountry/Bolivia_learning_curve.png  used on input line 218.
(pdftex.def)             Requested size: 375.80544pt x 242.17307pt.
 [5

 </Users/sarabcidf/Desktop/ASDS/Dissertation/FinalScripts/CallanByCountry/Boliv
ia_feature_importance.png> </Users/sarabcidf/Desktop/ASDS/Dissertation/FinalScr
ipts/CallanByCountry/Bolivia_error_rate.png>] [6 </Users/sarabcidf/Desktop/ASDS
/Dissertation/FinalScripts/CallanByCountry/Bolivia_learning_curve.png>]
</Users/sarabcidf/Desktop/ASDS/Dissertation/FinalScripts/CallanByCountry/Chile_
feature_importance.png, id=186, 639.5895pt x 397.2441pt>
File: /Users/sarabcidf/Desktop/ASDS/Dissertation/FinalScripts/CallanByCountry/C
hile_feature_importance.png Graphic file (type png)
<use /Users/sarabcidf/Desktop/ASDS/Dissertation/FinalScripts/CallanByCountry/Ch
ile_feature_importance.png>
Package pdftex.def Info: /Users/sarabcidf/Desktop/ASDS/Dissertation/FinalScript
s/CallanByCountry/Chile_feature_importance.png  used on input line 227.
(pdftex.def)             Requested size: 375.80544pt x 233.41426pt.
</Users/sarabcidf/Desktop/ASDS/Dissertation/FinalScripts/CallanByCountry/Chile_
error_rate.png, id=187, 616.4631pt x 397.2441pt>
File: /Users/sarabcidf/Desktop/ASDS/Dissertation/FinalScripts/CallanByCountry/C
hile_error_rate.png Graphic file (type png)
<use /Users/sarabcidf/Desktop/ASDS/Dissertation/FinalScripts/CallanByCountry/Ch
ile_error_rate.png>
Package pdftex.def Info: /Users/sarabcidf/Desktop/ASDS/Dissertation/FinalScript
s/CallanByCountry/Chile_error_rate.png  used on input line 232.
(pdftex.def)             Requested size: 375.80544pt x 242.17307pt.
</Users/sarabcidf/Desktop/ASDS/Dissertation/FinalScripts/CallanByCountry/Chile_
learning_curve.png, id=188, 616.4631pt x 397.2441pt>
File: /Users/sarabcidf/Desktop/ASDS/Dissertation/FinalScripts/CallanByCountry/C
hile_learning_curve.png Graphic file (type png)
<use /Users/sarabcidf/Desktop/ASDS/Dissertation/FinalScripts/CallanByCountry/Ch
ile_learning_curve.png>
Package pdftex.def Info: /Users/sarabcidf/Desktop/ASDS/Dissertation/FinalScript
s/CallanByCountry/Chile_learning_curve.png  used on input line 237.
(pdftex.def)             Requested size: 375.80544pt x 242.17307pt.
 [7 </Users/sarabcidf/Desktop/ASDS/Dissertation/FinalScripts/CallanByCountry/Ch
ile_feature_importance.png> </Users/sarabcidf/Desktop/ASDS/Dissertation/FinalSc
ripts/CallanByCountry/Chile_error_rate.png>] [8 </Users/sarabcidf/Desktop/ASDS/
Dissertation/FinalScripts/CallanByCountry/Chile_learning_curve.png>]
</Users/sarabcidf/Desktop/ASDS/Dissertation/FinalScripts/CallanByCountry/Colomb
ia_feature_importance.png, id=200, 648.9846pt x 397.2441pt>
File: /Users/sarabcidf/Desktop/ASDS/Dissertation/FinalScripts/CallanByCountry/C
olombia_feature_importance.png Graphic file (type png)
<use /Users/sarabcidf/Desktop/ASDS/Dissertation/FinalScripts/CallanByCountry/Co
lombia_feature_importance.png>
Package pdftex.def Info: /Users/sarabcidf/Desktop/ASDS/Dissertation/FinalScript
s/CallanByCountry/Colombia_feature_importance.png  used on input line 246.
(pdftex.def)             Requested size: 375.80544pt x 230.03198pt.
</Users/sarabcidf/Desktop/ASDS/Dissertation/FinalScripts/CallanByCountry/Colomb
ia_error_rate.png, id=201, 611.4042pt x 397.2441pt>
File: /Users/sarabcidf/Desktop/ASDS/Dissertation/FinalScripts/CallanByCountry/C
olombia_error_rate.png Graphic file (type png)
<use /Users/sarabcidf/Desktop/ASDS/Dissertation/FinalScripts/CallanByCountry/Co
lombia_error_rate.png>
Package pdftex.def Info: /Users/sarabcidf/Desktop/ASDS/Dissertation/FinalScript
s/CallanByCountry/Colombia_error_rate.png  used on input line 251.
(pdftex.def)             Requested size: 375.80544pt x 244.1794pt.
</Users/sarabcidf/Desktop/ASDS/Dissertation/FinalScripts/CallanByCountry/Colomb
ia_learning_curve.png, id=202, 611.4042pt x 397.2441pt>
File: /Users/sarabcidf/Desktop/ASDS/Dissertation/FinalScripts/CallanByCountry/C
olombia_learning_curve.png Graphic file (type png)
<use /Users/sarabcidf/Desktop/ASDS/Dissertation/FinalScripts/CallanByCountry/Co
lombia_learning_curve.png>
Package pdftex.def Info: /Users/sarabcidf/Desktop/ASDS/Dissertation/FinalScript
s/CallanByCountry/Colombia_learning_curve.png  used on input line 256.
(pdftex.def)             Requested size: 375.80544pt x 244.1794pt.
 [9 </Users/sarabcidf/Desktop/ASDS/Dissertation/FinalScripts/CallanByCountry/Co
lombia_feature_importance.png> </Users/sarabcidf/Desktop/ASDS/Dissertation/Fina
lScripts/CallanByCountry/Colombia_error_rate.png>] [10 </Users/sarabcidf/Deskto
p/ASDS/Dissertation/FinalScripts/CallanByCountry/Colombia_learning_curve.png>]
</Users/sarabcidf/Desktop/ASDS/Dissertation/FinalScripts/CallanByCountry/Costa 
Rica_feature_importance.png, id=214, 651.6345pt x 397.2441pt>
File: /Users/sarabcidf/Desktop/ASDS/Dissertation/FinalScripts/CallanByCountry/C
osta Rica_feature_importance.png Graphic file (type png)
<use /Users/sarabcidf/Desktop/ASDS/Dissertation/FinalScripts/CallanByCountry/Co
sta Rica_feature_importance.png>
Package pdftex.def Info: /Users/sarabcidf/Desktop/ASDS/Dissertation/FinalScript
s/CallanByCountry/Costa Rica_feature_importance.png  used on input line 265.
(pdftex.def)             Requested size: 375.80544pt x 229.09245pt.
</Users/sarabcidf/Desktop/ASDS/Dissertation/FinalScripts/CallanByCountry/Costa 
Rica_error_rate.png, id=215, 611.4042pt x 397.2441pt>
File: /Users/sarabcidf/Desktop/ASDS/Dissertation/FinalScripts/CallanByCountry/C
osta Rica_error_rate.png Graphic file (type png)
<use /Users/sarabcidf/Desktop/ASDS/Dissertation/FinalScripts/CallanByCountry/Co
sta Rica_error_rate.png>
Package pdftex.def Info: /Users/sarabcidf/Desktop/ASDS/Dissertation/FinalScript
s/CallanByCountry/Costa Rica_error_rate.png  used on input line 270.
(pdftex.def)             Requested size: 375.80544pt x 244.1794pt.
</Users/sarabcidf/Desktop/ASDS/Dissertation/FinalScripts/CallanByCountry/Costa 
Rica_learning_curve.png, id=216, 611.4042pt x 397.2441pt>
File: /Users/sarabcidf/Desktop/ASDS/Dissertation/FinalScripts/CallanByCountry/C
osta Rica_learning_curve.png Graphic file (type png)
<use /Users/sarabcidf/Desktop/ASDS/Dissertation/FinalScripts/CallanByCountry/Co
sta Rica_learning_curve.png>
Package pdftex.def Info: /Users/sarabcidf/Desktop/ASDS/Dissertation/FinalScript
s/CallanByCountry/Costa Rica_learning_curve.png  used on input line 275.
(pdftex.def)             Requested size: 375.80544pt x 244.1794pt.
 [11 </Users/sarabcidf/Desktop/ASDS/Dissertation/FinalScripts/CallanByCountry/C
osta Rica_feature_importance.png> </Users/sarabcidf/Desktop/ASDS/Dissertation/F
inalScripts/CallanByCountry/Costa Rica_error_rate.png>] [12 </Users/sarabcidf/D
esktop/ASDS/Dissertation/FinalScripts/CallanByCountry/Costa Rica_learning_curve
.png>]
</Users/sarabcidf/Desktop/ASDS/Dissertation/FinalScripts/CallanByCountry/D. Rep
ublic_feature_importance.png, id=229, 644.8893pt x 397.2441pt>
File: /Users/sarabcidf/Desktop/ASDS/Dissertation/FinalScripts/CallanByCountry/D
. Republic_feature_importance.png Graphic file (type png)
<use /Users/sarabcidf/Desktop/ASDS/Dissertation/FinalScripts/CallanByCountry/D.
 Republic_feature_importance.png>
Package pdftex.def Info: /Users/sarabcidf/Desktop/ASDS/Dissertation/FinalScript
s/CallanByCountry/D. Republic_feature_importance.png  used on input line 284.
(pdftex.def)             Requested size: 375.80544pt x 231.49278pt.
</Users/sarabcidf/Desktop/ASDS/Dissertation/FinalScripts/CallanByCountry/D. Rep
ublic_error_rate.png, id=230, 616.4631pt x 397.2441pt>
File: /Users/sarabcidf/Desktop/ASDS/Dissertation/FinalScripts/CallanByCountry/D
. Republic_error_rate.png Graphic file (type png)
<use /Users/sarabcidf/Desktop/ASDS/Dissertation/FinalScripts/CallanByCountry/D.
 Republic_error_rate.png>
Package pdftex.def Info: /Users/sarabcidf/Desktop/ASDS/Dissertation/FinalScript
s/CallanByCountry/D. Republic_error_rate.png  used on input line 289.
(pdftex.def)             Requested size: 375.80544pt x 242.17307pt.
</Users/sarabcidf/Desktop/ASDS/Dissertation/FinalScripts/CallanByCountry/D. Rep
ublic_learning_curve.png, id=231, 621.522pt x 397.2441pt>
File: /Users/sarabcidf/Desktop/ASDS/Dissertation/FinalScripts/CallanByCountry/D
. Republic_learning_curve.png Graphic file (type png)
<use /Users/sarabcidf/Desktop/ASDS/Dissertation/FinalScripts/CallanByCountry/D.
 Republic_learning_curve.png>
Package pdftex.def Info: /Users/sarabcidf/Desktop/ASDS/Dissertation/FinalScript
s/CallanByCountry/D. Republic_learning_curve.png  used on input line 294.
(pdftex.def)             Requested size: 375.80544pt x 240.19704pt.
 [13 </Users/sarabcidf/Desktop/ASDS/Dissertation/FinalScripts/CallanByCountry/D
. Republic_feature_importance.png> </Users/sarabcidf/Desktop/ASDS/Dissertation/
FinalScripts/CallanByCountry/D. Republic_error_rate.png>] [14 </Users/sarabcidf
/Desktop/ASDS/Dissertation/FinalScripts/CallanByCountry/D. Republic_learning_cu
rve.png>]
</Users/sarabcidf/Desktop/ASDS/Dissertation/FinalScripts/CallanByCountry/Ecuado
r_feature_importance.png, id=243, 649.4664pt x 397.2441pt>
File: /Users/sarabcidf/Desktop/ASDS/Dissertation/FinalScripts/CallanByCountry/E
cuador_feature_importance.png Graphic file (type png)
<use /Users/sarabcidf/Desktop/ASDS/Dissertation/FinalScripts/CallanByCountry/Ec
uador_feature_importance.png>
Package pdftex.def Info: /Users/sarabcidf/Desktop/ASDS/Dissertation/FinalScript
s/CallanByCountry/Ecuador_feature_importance.png  used on input line 303.
(pdftex.def)             Requested size: 375.80544pt x 229.86832pt.
</Users/sarabcidf/Desktop/ASDS/Dissertation/FinalScripts/CallanByCountry/Ecuado
r_error_rate.png, id=244, 611.4042pt x 397.2441pt>
File: /Users/sarabcidf/Desktop/ASDS/Dissertation/FinalScripts/CallanByCountry/E
cuador_error_rate.png Graphic file (type png)
<use /Users/sarabcidf/Desktop/ASDS/Dissertation/FinalScripts/CallanByCountry/Ec
uador_error_rate.png>
Package pdftex.def Info: /Users/sarabcidf/Desktop/ASDS/Dissertation/FinalScript
s/CallanByCountry/Ecuador_error_rate.png  used on input line 308.
(pdftex.def)             Requested size: 375.80544pt x 244.1794pt.
</Users/sarabcidf/Desktop/ASDS/Dissertation/FinalScripts/CallanByCountry/Ecuado
r_learning_curve.png, id=245, 611.4042pt x 397.2441pt>
File: /Users/sarabcidf/Desktop/ASDS/Dissertation/FinalScripts/CallanByCountry/E
cuador_learning_curve.png Graphic file (type png)
<use /Users/sarabcidf/Desktop/ASDS/Dissertation/FinalScripts/CallanByCountry/Ec
uador_learning_curve.png>
Package pdftex.def Info: /Users/sarabcidf/Desktop/ASDS/Dissertation/FinalScript
s/CallanByCountry/Ecuador_learning_curve.png  used on input line 313.
(pdftex.def)             Requested size: 375.80544pt x 244.1794pt.
 [15 </Users/sarabcidf/Desktop/ASDS/Dissertation/FinalScripts/CallanByCountry/E
cuador_feature_importance.png> </Users/sarabcidf/Desktop/ASDS/Dissertation/Fina
lScripts/CallanByCountry/Ecuador_error_rate.png>] [16 </Users/sarabcidf/Desktop
/ASDS/Dissertation/FinalScripts/CallanByCountry/Ecuador_learning_curve.png>]
</Users/sarabcidf/Desktop/ASDS/Dissertation/FinalScripts/CallanByCountry/Mexico
_feature_importance.png, id=257, 646.0938pt x 397.2441pt>
File: /Users/sarabcidf/Desktop/ASDS/Dissertation/FinalScripts/CallanByCountry/M
exico_feature_importance.png Graphic file (type png)
<use /Users/sarabcidf/Desktop/ASDS/Dissertation/FinalScripts/CallanByCountry/Me
xico_feature_importance.png>
Package pdftex.def Info: /Users/sarabcidf/Desktop/ASDS/Dissertation/FinalScript
s/CallanByCountry/Mexico_feature_importance.png  used on input line 322.
(pdftex.def)             Requested size: 375.80544pt x 231.06848pt.
</Users/sarabcidf/Desktop/ASDS/Dissertation/FinalScripts/CallanByCountry/Mexico
_error_rate.png, id=258, 611.4042pt x 397.2441pt>
File: /Users/sarabcidf/Desktop/ASDS/Dissertation/FinalScripts/CallanByCountry/M
exico_error_rate.png Graphic file (type png)
<use /Users/sarabcidf/Desktop/ASDS/Dissertation/FinalScripts/CallanByCountry/Me
xico_error_rate.png>
Package pdftex.def Info: /Users/sarabcidf/Desktop/ASDS/Dissertation/FinalScript
s/CallanByCountry/Mexico_error_rate.png  used on input line 327.
(pdftex.def)             Requested size: 375.80544pt x 244.1794pt.
</Users/sarabcidf/Desktop/ASDS/Dissertation/FinalScripts/CallanByCountry/Mexico
_learning_curve.png, id=259, 611.4042pt x 397.2441pt>
File: /Users/sarabcidf/Desktop/ASDS/Dissertation/FinalScripts/CallanByCountry/M
exico_learning_curve.png Graphic file (type png)
<use /Users/sarabcidf/Desktop/ASDS/Dissertation/FinalScripts/CallanByCountry/Me
xico_learning_curve.png>
Package pdftex.def Info: /Users/sarabcidf/Desktop/ASDS/Dissertation/FinalScript
s/CallanByCountry/Mexico_learning_curve.png  used on input line 332.
(pdftex.def)             Requested size: 375.80544pt x 244.1794pt.
 [17 </Users/sarabcidf/Desktop/ASDS/Dissertation/FinalScripts/CallanByCountry/M
exico_feature_importance.png> </Users/sarabcidf/Desktop/ASDS/Dissertation/Final
Scripts/CallanByCountry/Mexico_error_rate.png>] [18 </Users/sarabcidf/Desktop/A
SDS/Dissertation/FinalScripts/CallanByCountry/Mexico_learning_curve.png>]
</Users/sarabcidf/Desktop/ASDS/Dissertation/FinalScripts/CallanByCountry/Panama
_feature_importance.png, id=272, 646.3347pt x 397.2441pt>
File: /Users/sarabcidf/Desktop/ASDS/Dissertation/FinalScripts/CallanByCountry/P
anama_feature_importance.png Graphic file (type png)
<use /Users/sarabcidf/Desktop/ASDS/Dissertation/FinalScripts/CallanByCountry/Pa
nama_feature_importance.png>
Package pdftex.def Info: /Users/sarabcidf/Desktop/ASDS/Dissertation/FinalScript
s/CallanByCountry/Panama_feature_importance.png  used on input line 341.
(pdftex.def)             Requested size: 375.80544pt x 230.97757pt.
</Users/sarabcidf/Desktop/ASDS/Dissertation/FinalScripts/CallanByCountry/Panama
_error_rate.png, id=273, 611.4042pt x 397.2441pt>
File: /Users/sarabcidf/Desktop/ASDS/Dissertation/FinalScripts/CallanByCountry/P
anama_error_rate.png Graphic file (type png)
<use /Users/sarabcidf/Desktop/ASDS/Dissertation/FinalScripts/CallanByCountry/Pa
nama_error_rate.png>
Package pdftex.def Info: /Users/sarabcidf/Desktop/ASDS/Dissertation/FinalScript
s/CallanByCountry/Panama_error_rate.png  used on input line 346.
(pdftex.def)             Requested size: 375.80544pt x 244.1794pt.
</Users/sarabcidf/Desktop/ASDS/Dissertation/FinalScripts/CallanByCountry/Panama
_learning_curve.png, id=274, 611.4042pt x 397.2441pt>
File: /Users/sarabcidf/Desktop/ASDS/Dissertation/FinalScripts/CallanByCountry/P
anama_learning_curve.png Graphic file (type png)
<use /Users/sarabcidf/Desktop/ASDS/Dissertation/FinalScripts/CallanByCountry/Pa
nama_learning_curve.png>
Package pdftex.def Info: /Users/sarabcidf/Desktop/ASDS/Dissertation/FinalScript
s/CallanByCountry/Panama_learning_curve.png  used on input line 351.
(pdftex.def)             Requested size: 375.80544pt x 244.1794pt.
 [19 </Users/sarabcidf/Desktop/ASDS/Dissertation/FinalScripts/CallanByCountry/P
anama_feature_importance.png> </Users/sarabcidf/Desktop/ASDS/Dissertation/Final
Scripts/CallanByCountry/Panama_error_rate.png>] [20 </Users/sarabcidf/Desktop/A
SDS/Dissertation/FinalScripts/CallanByCountry/Panama_learning_curve.png>]
</Users/sarabcidf/Desktop/ASDS/Dissertation/FinalScripts/CallanByCountry/Peru_f
eature_importance.png, id=286, 658.8615pt x 397.2441pt>
File: /Users/sarabcidf/Desktop/ASDS/Dissertation/FinalScripts/CallanByCountry/P
eru_feature_importance.png Graphic file (type png)
<use /Users/sarabcidf/Desktop/ASDS/Dissertation/FinalScripts/CallanByCountry/Pe
ru_feature_importance.png>
Package pdftex.def Info: /Users/sarabcidf/Desktop/ASDS/Dissertation/FinalScript
s/CallanByCountry/Peru_feature_importance.png  used on input line 360.
(pdftex.def)             Requested size: 375.80544pt x 226.58302pt.
</Users/sarabcidf/Desktop/ASDS/Dissertation/FinalScripts/CallanByCountry/Peru_e
rror_rate.png, id=287, 611.4042pt x 397.2441pt>
File: /Users/sarabcidf/Desktop/ASDS/Dissertation/FinalScripts/CallanByCountry/P
eru_error_rate.png Graphic file (type png)
<use /Users/sarabcidf/Desktop/ASDS/Dissertation/FinalScripts/CallanByCountry/Pe
ru_error_rate.png>
Package pdftex.def Info: /Users/sarabcidf/Desktop/ASDS/Dissertation/FinalScript
s/CallanByCountry/Peru_error_rate.png  used on input line 365.
(pdftex.def)             Requested size: 375.80544pt x 244.1794pt.
</Users/sarabcidf/Desktop/ASDS/Dissertation/FinalScripts/CallanByCountry/Peru_l
earning_curve.png, id=288, 611.4042pt x 397.2441pt>
File: /Users/sarabcidf/Desktop/ASDS/Dissertation/FinalScripts/CallanByCountry/P
eru_learning_curve.png Graphic file (type png)
<use /Users/sarabcidf/Desktop/ASDS/Dissertation/FinalScripts/CallanByCountry/Pe
ru_learning_curve.png>
Package pdftex.def Info: /Users/sarabcidf/Desktop/ASDS/Dissertation/FinalScript
s/CallanByCountry/Peru_learning_curve.png  used on input line 370.
(pdftex.def)             Requested size: 375.80544pt x 244.1794pt.
 [21 </Users/sarabcidf/Desktop/ASDS/Dissertation/FinalScripts/CallanByCountry/P
eru_feature_importance.png> </Users/sarabcidf/Desktop/ASDS/Dissertation/FinalSc
ripts/CallanByCountry/Peru_error_rate.png>] [22 </Users/sarabcidf/Desktop/ASDS/
Dissertation/FinalScripts/CallanByCountry/Peru_learning_curve.png>]
</Users/sarabcidf/Desktop/ASDS/Dissertation/FinalScripts/CallanByCountry/Urugua
y_feature_importance.png, id=300, 654.5253pt x 397.2441pt>
File: /Users/sarabcidf/Desktop/ASDS/Dissertation/FinalScripts/CallanByCountry/U
ruguay_feature_importance.png Graphic file (type png)
<use /Users/sarabcidf/Desktop/ASDS/Dissertation/FinalScripts/CallanByCountry/Ur
uguay_feature_importance.png>
Package pdftex.def Info: /Users/sarabcidf/Desktop/ASDS/Dissertation/FinalScript
s/CallanByCountry/Uruguay_feature_importance.png  used on input line 379.
(pdftex.def)             Requested size: 375.80544pt x 228.08626pt.
</Users/sarabcidf/Desktop/ASDS/Dissertation/FinalScripts/CallanByCountry/Urugua
y_error_rate.png, id=301, 616.4631pt x 397.2441pt>
File: /Users/sarabcidf/Desktop/ASDS/Dissertation/FinalScripts/CallanByCountry/U
ruguay_error_rate.png Graphic file (type png)
<use /Users/sarabcidf/Desktop/ASDS/Dissertation/FinalScripts/CallanByCountry/Ur
uguay_error_rate.png>
Package pdftex.def Info: /Users/sarabcidf/Desktop/ASDS/Dissertation/FinalScript
s/CallanByCountry/Uruguay_error_rate.png  used on input line 384.
(pdftex.def)             Requested size: 375.80544pt x 242.17307pt.
</Users/sarabcidf/Desktop/ASDS/Dissertation/FinalScripts/CallanByCountry/Urugua
y_learning_curve.png, id=302, 616.4631pt x 397.2441pt>
File: /Users/sarabcidf/Desktop/ASDS/Dissertation/FinalScripts/CallanByCountry/U
ruguay_learning_curve.png Graphic file (type png)
<use /Users/sarabcidf/Desktop/ASDS/Dissertation/FinalScripts/CallanByCountry/Ur
uguay_learning_curve.png>
Package pdftex.def Info: /Users/sarabcidf/Desktop/ASDS/Dissertation/FinalScript
s/CallanByCountry/Uruguay_learning_curve.png  used on input line 389.
(pdftex.def)             Requested size: 375.80544pt x 242.17307pt.
 [23 </Users/sarabcidf/Desktop/ASDS/Dissertation/FinalScripts/CallanByCountry/U
ruguay_feature_importance.png> </Users/sarabcidf/Desktop/ASDS/Dissertation/Fina
lScripts/CallanByCountry/Uruguay_error_rate.png>] [24 </Users/sarabcidf/Desktop
/ASDS/Dissertation/FinalScripts/CallanByCountry/Uruguay_learning_curve.png>] [2
5] [26] (./App2.aux)
Package rerunfilecheck Info: File `App2.out' has not changed.
(rerunfilecheck)             Checksum: 4A4C5E2A534890CBC91D2B1F34E288AD;1796.
Package logreq Info: Writing requests to 'App2.run.xml'.
\openout1 = `App2.run.xml'.

 ) 
Here is how much of TeX's memory you used:
 38580 strings out of 476025
 735956 string characters out of 5790016
 1912388 words of memory out of 5000000
 58327 multiletter control sequences out of 15000+600000
 520198 words of font info for 65 fonts, out of 8000000 for 9000
 1141 hyphenation exceptions out of 8191
 84i,9n,117p,3236b,4041s stack positions out of 10000i,1000n,20000p,200000b,200000s
</usr/local/texlive/2023/texmf-dist/fonts/type1/public/amsfonts/cm/cmbx12.pfb
></usr/local/texlive/2023/texmf-dist/fonts/type1/public/amsfonts/cm/cmr12.pfb><
/usr/local/texlive/2023/texmf-dist/fonts/type1/public/amsfonts/cm/cmr17.pfb>
Output written on App2.pdf (27 pages, 3586423 bytes).
PDF statistics:
 358 PDF objects out of 1000 (max. 8388607)
 258 compressed objects within 3 object streams
 76 named destinations out of 1000 (max. 500000)
 272 words of extra memory for PDF output out of 10000 (max. 10000000)

